<?xml version="1.0" encoding="UTF-8"?>
<robot generator="Robot 7.3.2 (Python 3.13.2 on win32)" generated="2025-07-25T18:58:24.365921" rpa="false" schemaversion="5">
<suite id="s1" name="Register-Test" source="C:\bookstore-demo-test\register-test.robot">
<test id="s1-t1" name="Scenario: Sucess sign in as Natural Person" line="11">
<kw name="Given Open Browser" owner="SeleniumLibrary">
<msg time="2025-07-25T18:58:24.720647" level="INFO">Opening browser 'chrome' to base url 'http://localhost:5173'.</msg>
<arg>${URL}</arg>
<arg>${BROWSER}</arg>
<doc>Opens a new browser instance to the optional ``url``.</doc>
<status status="PASS" start="2025-07-25T18:58:24.720405" elapsed="3.349895"/>
</kw>
<kw name="And Maximize Browser Window" owner="SeleniumLibrary">
<doc>Maximizes current browser window.</doc>
<status status="PASS" start="2025-07-25T18:58:28.071086" elapsed="0.027406"/>
</kw>
<kw name="and Sleep" owner="BuiltIn">
<msg time="2025-07-25T18:58:30.099858" level="INFO">Slept 2 seconds.</msg>
<arg>${TIMEOUT_2}</arg>
<doc>Pauses the test executed for the given time.</doc>
<status status="PASS" start="2025-07-25T18:58:28.099158" elapsed="2.000842"/>
</kw>
<kw name="And Click Link" owner="SeleniumLibrary">
<msg time="2025-07-25T18:58:30.101134" level="INFO">Clicking link '//a[text()='Minha conta']'.</msg>
<arg>${MY_ACCOUNT_BUTTON}</arg>
<doc>Clicks a link identified by ``locator``.</doc>
<status status="PASS" start="2025-07-25T18:58:30.100640" elapsed="0.101528"/>
</kw>
<kw name="When Input Text" owner="SeleniumLibrary">
<msg time="2025-07-25T18:58:30.203854" level="INFO">Typing text 'Lorem ipsum' into text field 'id: register-name'.</msg>
<arg>${NAME_TEXT_FIELD}</arg>
<arg>Lorem ipsum</arg>
<doc>Types the given ``text`` into the text field identified by ``locator``.</doc>
<status status="PASS" start="2025-07-25T18:58:30.203052" elapsed="0.125566"/>
</kw>
<kw name="And Input Text" owner="SeleniumLibrary">
<msg time="2025-07-25T18:58:30.329610" level="INFO">Typing text 'lorem@ipsum.com' into text field 'id: register-mail'.</msg>
<arg>${EMAIL_TEXT_FIELD}</arg>
<arg>lorem@ipsum.com</arg>
<doc>Types the given ``text`` into the text field identified by ``locator``.</doc>
<status status="PASS" start="2025-07-25T18:58:30.329177" elapsed="0.078782"/>
</kw>
<kw name="And Input Password" owner="SeleniumLibrary">
<msg time="2025-07-25T18:58:30.408642" level="INFO">Typing password into text field 'id: register-pass'.</msg>
<msg time="2025-07-25T18:58:30.438987" level="INFO">Temporally setting log level to: NONE</msg>
<arg>${PASS_TEXT_FIELD}</arg>
<arg>foo123</arg>
<doc>Types the given password into the text field identified by ``locator``.</doc>
<status status="PASS" start="2025-07-25T18:58:30.408391" elapsed="0.072134"/>
</kw>
<kw name="And Input Password" owner="SeleniumLibrary">
<msg time="2025-07-25T18:58:30.481170" level="INFO">Typing password into text field 'id: register-confirm-pass'.</msg>
<msg time="2025-07-25T18:58:30.505223" level="INFO">Temporally setting log level to: NONE</msg>
<arg>${CONFIRM_PASS_TEXT_FIELD}</arg>
<arg>foo123</arg>
<doc>Types the given password into the text field identified by ``locator``.</doc>
<status status="PASS" start="2025-07-25T18:58:30.480911" elapsed="0.061283"/>
</kw>
<kw name="And Select From List By Label" owner="SeleniumLibrary">
<msg time="2025-07-25T18:58:30.542891" level="INFO">Selecting options from selection list 'id: register-user-type' by label Pessoa Física.</msg>
<arg>${BUSINESS_ENTITY_COMBOBOX}</arg>
<arg>Pessoa Física</arg>
<doc>Selects options from selection list ``locator`` by ``labels``.</doc>
<status status="PASS" start="2025-07-25T18:58:30.542606" elapsed="0.057034"/>
</kw>
<kw name="And Select Checkbox" owner="SeleniumLibrary">
<msg time="2025-07-25T18:58:30.600246" level="INFO">Selecting checkbox 'id: terms-of-use'.</msg>
<arg>${TERMS_OF_USE_CHECKBOX}</arg>
<doc>Selects the checkbox identified by ``locator``.</doc>
<status status="PASS" start="2025-07-25T18:58:30.600048" elapsed="0.068297"/>
</kw>
<kw name="And Click Element" owner="SeleniumLibrary">
<msg time="2025-07-25T18:58:30.669704" level="INFO">Clicking element '//input[@id="submit-register"]'.</msg>
<arg>${REGISTER_BUTTON}</arg>
<doc>Click the element identified by ``locator``.</doc>
<status status="PASS" start="2025-07-25T18:58:30.668934" elapsed="0.056761"/>
</kw>
<kw name="Then Wait Until Page Contains" owner="SeleniumLibrary">
<arg>Lorem ipsum, teu cadastro foi realizado com sucesso!</arg>
<doc>Waits until ``text`` appears on the current page.</doc>
<status status="PASS" start="2025-07-25T18:58:30.726149" elapsed="0.025309"/>
</kw>
<kw name="And Page Should Contain Link" owner="SeleniumLibrary">
<msg time="2025-07-25T18:58:30.781526" level="INFO">Current page contains link '/my-orders'.</msg>
<arg>${MY_ORDERS_LINK}</arg>
<doc>Verifies link identified by ``locator`` is found from current page.</doc>
<status status="PASS" start="2025-07-25T18:58:30.753676" elapsed="0.027947"/>
</kw>
<kw name="And Page Should Contain Link" owner="SeleniumLibrary">
<msg time="2025-07-25T18:58:30.801350" level="INFO">Current page contains link '/my-wish-list'.</msg>
<arg>${MY_WYSH_LIST_LINK}</arg>
<doc>Verifies link identified by ``locator`` is found from current page.</doc>
<status status="PASS" start="2025-07-25T18:58:30.782088" elapsed="0.019369"/>
</kw>
<kw name="Close Browser" owner="SeleniumLibrary" type="TEARDOWN">
<doc>Closes the current browser.</doc>
<status status="PASS" start="2025-07-25T18:58:30.801965" elapsed="2.390481"/>
</kw>
<tag>Register Natural Person</tag>
<status status="PASS" start="2025-07-25T18:58:24.719429" elapsed="8.473473"/>
</test>
<test id="s1-t2" name="Scenario: Sucess sign in as Juridical Person" line="28">
<kw name="Given Open Browser" owner="SeleniumLibrary">
<msg time="2025-07-25T18:58:33.194944" level="INFO">Opening browser 'chrome' to base url 'http://localhost:5173'.</msg>
<arg>${URL}</arg>
<arg>${BROWSER}</arg>
<doc>Opens a new browser instance to the optional ``url``.</doc>
<status status="PASS" start="2025-07-25T18:58:33.194664" elapsed="2.073342"/>
</kw>
<kw name="And Maximize Browser Window" owner="SeleniumLibrary">
<doc>Maximizes current browser window.</doc>
<status status="PASS" start="2025-07-25T18:58:35.271341" elapsed="1.236944"/>
</kw>
<kw name="and Sleep" owner="BuiltIn">
<msg time="2025-07-25T18:58:38.510022" level="INFO">Slept 2 seconds.</msg>
<arg>${TIMEOUT_2}</arg>
<doc>Pauses the test executed for the given time.</doc>
<status status="PASS" start="2025-07-25T18:58:36.508988" elapsed="2.001216"/>
</kw>
<kw name="And Click Link" owner="SeleniumLibrary">
<msg time="2025-07-25T18:58:38.511328" level="INFO">Clicking link '//a[text()='Minha conta']'.</msg>
<arg>${MY_ACCOUNT_BUTTON}</arg>
<doc>Clicks a link identified by ``locator``.</doc>
<status status="PASS" start="2025-07-25T18:58:38.510927" elapsed="0.114431"/>
</kw>
<kw name="When Input Text" owner="SeleniumLibrary">
<msg time="2025-07-25T18:58:38.626096" level="INFO">Typing text 'Lorem ipsum' into text field 'id: register-name'.</msg>
<arg>${NAME_TEXT_FIELD}</arg>
<arg>Lorem ipsum</arg>
<doc>Types the given ``text`` into the text field identified by ``locator``.</doc>
<status status="PASS" start="2025-07-25T18:58:38.625836" elapsed="0.117537"/>
</kw>
<kw name="And Input Text" owner="SeleniumLibrary">
<msg time="2025-07-25T18:58:38.744092" level="INFO">Typing text 'contato@loremipsum.com' into text field 'id: register-mail'.</msg>
<arg>${EMAIL_TEXT_FIELD}</arg>
<arg>contato@loremipsum.com</arg>
<doc>Types the given ``text`` into the text field identified by ``locator``.</doc>
<status status="PASS" start="2025-07-25T18:58:38.743860" elapsed="0.113360"/>
</kw>
<kw name="And Input Password" owner="SeleniumLibrary">
<msg time="2025-07-25T18:58:38.858053" level="INFO">Typing password into text field 'id: register-pass'.</msg>
<msg time="2025-07-25T18:58:38.890440" level="INFO">Temporally setting log level to: NONE</msg>
<arg>${PASS_TEXT_FIELD}</arg>
<arg>54321</arg>
<doc>Types the given password into the text field identified by ``locator``.</doc>
<status status="PASS" start="2025-07-25T18:58:38.857757" elapsed="0.087074"/>
</kw>
<kw name="And Input Password" owner="SeleniumLibrary">
<msg time="2025-07-25T18:58:38.945905" level="INFO">Typing password into text field 'id: register-confirm-pass'.</msg>
<msg time="2025-07-25T18:58:38.991917" level="INFO">Temporally setting log level to: NONE</msg>
<arg>${CONFIRM_PASS_TEXT_FIELD}</arg>
<arg>54321</arg>
<doc>Types the given password into the text field identified by ``locator``.</doc>
<status status="PASS" start="2025-07-25T18:58:38.945608" elapsed="0.109185"/>
</kw>
<kw name="And Select From List By Label" owner="SeleniumLibrary">
<msg time="2025-07-25T18:58:39.055499" level="INFO">Selecting options from selection list 'id: register-user-type' by label Pessoa Jurídica.</msg>
<arg>${BUSINESS_ENTITY_COMBOBOX}</arg>
<arg>Pessoa Jurídica</arg>
<doc>Selects options from selection list ``locator`` by ``labels``.</doc>
<status status="PASS" start="2025-07-25T18:58:39.055211" elapsed="0.105154"/>
</kw>
<kw name="And Select Checkbox" owner="SeleniumLibrary">
<msg time="2025-07-25T18:58:39.161237" level="INFO">Selecting checkbox 'id: terms-of-use'.</msg>
<arg>${TERMS_OF_USE_CHECKBOX}</arg>
<doc>Selects the checkbox identified by ``locator``.</doc>
<status status="PASS" start="2025-07-25T18:58:39.161006" elapsed="0.076519"/>
</kw>
<kw name="And Click Element" owner="SeleniumLibrary">
<msg time="2025-07-25T18:58:39.238360" level="INFO">Clicking element '//input[@id="submit-register"]'.</msg>
<arg>${REGISTER_BUTTON}</arg>
<doc>Click the element identified by ``locator``.</doc>
<status status="PASS" start="2025-07-25T18:58:39.237974" elapsed="0.053159"/>
</kw>
<kw name="Then Wait Until Page Contains" owner="SeleniumLibrary">
<arg>Lorem ipsum, teu cadastro foi realizado com sucesso!</arg>
<doc>Waits until ``text`` appears on the current page.</doc>
<status status="PASS" start="2025-07-25T18:58:39.291540" elapsed="0.026395"/>
</kw>
<kw name="And Page Should Contain Link" owner="SeleniumLibrary">
<msg time="2025-07-25T18:58:39.343317" level="INFO">Current page contains link '/my-orders'.</msg>
<arg>${MY_ORDERS_LINK}</arg>
<doc>Verifies link identified by ``locator`` is found from current page.</doc>
<status status="PASS" start="2025-07-25T18:58:39.320917" elapsed="0.022494"/>
</kw>
<kw name="And Page Should Contain Link" owner="SeleniumLibrary">
<msg time="2025-07-25T18:58:39.360726" level="INFO">Current page contains link '/my-wish-list'.</msg>
<arg>${MY_WYSH_LIST_LINK}</arg>
<doc>Verifies link identified by ``locator`` is found from current page.</doc>
<status status="PASS" start="2025-07-25T18:58:39.343970" elapsed="0.016850"/>
</kw>
<kw name="Close Browser" owner="SeleniumLibrary" type="TEARDOWN">
<doc>Closes the current browser.</doc>
<status status="PASS" start="2025-07-25T18:58:39.361354" elapsed="2.338478"/>
</kw>
<status status="PASS" start="2025-07-25T18:58:33.194077" elapsed="8.506355"/>
</test>
<doc>Como cliente  da loja virtual, desejo criar um cadastro
no sistema para poder visualiozar meus pedidos e listas de desejo.</doc>
<status status="PASS" start="2025-07-25T18:58:24.368976" elapsed="17.333712"/>
</suite>
<statistics>
<total>
<stat pass="2" fail="0" skip="0">All Tests</stat>
</total>
<tag>
<stat pass="1" fail="0" skip="0">Register Natural Person</stat>
</tag>
<suite>
<stat name="Register-Test" id="s1" pass="2" fail="0" skip="0">Register-Test</stat>
</suite>
</statistics>
<errors>
</errors>
</robot>
