<?xml version="1.0" encoding="UTF-8"?>
<robot generator="Robot 7.3.2 (Python 3.13.2 on win32)" generated="2025-07-26T20:01:45.305038" rpa="false" schemaversion="5">
<suite id="s1" name="Sign Natural Person" source="C:\bookstore-demo-test\keywords\sign_natural_person.robot">
<test id="s1-t1" name="Scenario: Success sign in as Natural Person" line="10">
<kw name="Given I am on Bookstore Demo we site">
<kw name="Title Should Be" owner="SeleniumLibrary">
<msg time="2025-07-26T20:01:45.932920" level="INFO">Cannot capture screenshot because no browser is open.</msg>
<msg time="2025-07-26T20:01:45.933025" level="FAIL">No browser is open.</msg>
<arg>Bookstore Demo</arg>
<doc>Verifies that the current page title equals ``title``.</doc>
<status status="FAIL" start="2025-07-26T20:01:45.932752" elapsed="0.006468">No browser is open.</status>
</kw>
<status status="FAIL" start="2025-07-26T20:01:45.931001" elapsed="0.008876">No browser is open.</status>
</kw>
<kw name="And I go to log in or sign in page">
<status status="NOT RUN" start="2025-07-26T20:01:45.940399" elapsed="0.000045"/>
</kw>
<kw name="When I fill ferister form">
<status status="NOT RUN" start="2025-07-26T20:01:45.940854" elapsed="0.000040"/>
</kw>
<kw name="And I accept the terms of use">
<status status="NOT RUN" start="2025-07-26T20:01:45.941263" elapsed="0.000038"/>
</kw>
<kw name="And I submit register form">
<status status="NOT RUN" start="2025-07-26T20:01:45.941773" elapsed="0.000092"/>
</kw>
<kw name="Then I should see a success message">
<status status="NOT RUN" start="2025-07-26T20:01:45.942286" elapsed="0.000047"/>
</kw>
<kw name="And I should see My Wish List">
<status status="NOT RUN" start="2025-07-26T20:01:45.942749" elapsed="0.000041"/>
</kw>
<kw name="And I should see My Orders">
<status status="NOT RUN" start="2025-07-26T20:01:45.943173" elapsed="0.000043"/>
</kw>
<status status="FAIL" start="2025-07-26T20:01:45.930249" elapsed="0.013392">No browser is open.</status>
</test>
<status status="FAIL" start="2025-07-26T20:01:45.307584" elapsed="0.637679"/>
</suite>
<statistics>
<total>
<stat pass="0" fail="1" skip="0">All Tests</stat>
</total>
<tag>
</tag>
<suite>
<stat name="Sign Natural Person" id="s1" pass="0" fail="1" skip="0">Sign Natural Person</stat>
</suite>
</statistics>
<errors>
</errors>
</robot>
