<?xml version="1.0" encoding="UTF-8"?>
<robot generator="Robot 7.3.2 (Python 3.13.2 on win32)" generated="2025-07-26T16:49:13.641042" rpa="false" schemaversion="5">
<suite id="s1" name="Tests" source="C:\bookstore-demo-test\tests">
<suite id="s1-s1" name="Register-Test" source="C:\bookstore-demo-test\tests\register-test.robot">
<test id="s1-s1-t1" name="Scenario: Sucess sign in as Natural Person" line="17">
<kw name="Given Open Browser" owner="SeleniumLibrary">
<msg time="2025-07-26T16:49:14.159870" level="INFO">Opening browser 'chrome' to base url 'http://localhost:5173'.</msg>
<arg>${URL}</arg>
<arg>${BROWSER}</arg>
<doc>Opens a new browser instance to the optional ``url``.</doc>
<status status="PASS" start="2025-07-26T16:49:14.159591" elapsed="4.808958"/>
</kw>
<kw name="And Maximize Browser Window" owner="SeleniumLibrary">
<doc>Maximizes current browser window.</doc>
<status status="PASS" start="2025-07-26T16:49:18.969249" elapsed="0.095251"/>
</kw>
<kw name="And Click Link" owner="SeleniumLibrary">
<msg time="2025-07-26T16:49:19.065675" level="INFO">Clicking link '//a[text()='Minha conta']'.</msg>
<arg>${MY_ACCOUNT_BUTTON}</arg>
<doc>Clicks a link identified by ``locator``.</doc>
<status status="PASS" start="2025-07-26T16:49:19.065265" elapsed="0.157306"/>
</kw>
<kw name="When Input Text" owner="SeleniumLibrary">
<msg time="2025-07-26T16:49:19.223657" level="INFO">Typing text 'Lorem ipsum' into text field 'id: register-name'.</msg>
<arg>${NAME_TEXT_FIELD}</arg>
<arg>Lorem ipsum</arg>
<doc>Types the given ``text`` into the text field identified by ``locator``.</doc>
<status status="PASS" start="2025-07-26T16:49:19.223161" elapsed="0.144309"/>
</kw>
<kw name="And Input Text" owner="SeleniumLibrary">
<msg time="2025-07-26T16:49:19.368238" level="INFO">Typing text 'lorem@ipsum.com' into text field 'id: register-mail'.</msg>
<arg>${EMAIL_TEXT_FIELD}</arg>
<arg>lorem@ipsum.com</arg>
<doc>Types the given ``text`` into the text field identified by ``locator``.</doc>
<status status="PASS" start="2025-07-26T16:49:19.367919" elapsed="0.082443"/>
</kw>
<kw name="And Input Password" owner="SeleniumLibrary">
<msg time="2025-07-26T16:49:19.450967" level="INFO">Typing password into text field 'id: register-pass'.</msg>
<msg time="2025-07-26T16:49:19.476115" level="INFO">Temporally setting log level to: NONE</msg>
<arg>${PASS_TEXT_FIELD}</arg>
<arg>foo123</arg>
<doc>Types the given password into the text field identified by ``locator``.</doc>
<status status="PASS" start="2025-07-26T16:49:19.450729" elapsed="0.057342"/>
</kw>
<kw name="And Input Password" owner="SeleniumLibrary">
<msg time="2025-07-26T16:49:19.508608" level="INFO">Typing password into text field 'id: register-confirm-pass'.</msg>
<msg time="2025-07-26T16:49:19.531487" level="INFO">Temporally setting log level to: NONE</msg>
<arg>${CONFIRM_PASS_TEXT_FIELD}</arg>
<arg>foo123</arg>
<doc>Types the given password into the text field identified by ``locator``.</doc>
<status status="PASS" start="2025-07-26T16:49:19.508397" elapsed="0.056282"/>
</kw>
<kw name="And Select From List By Label" owner="SeleniumLibrary">
<msg time="2025-07-26T16:49:19.565211" level="INFO">Selecting options from selection list 'id: register-user-type' by label Pessoa Física.</msg>
<arg>${BUSINESS_ENTITY_COMBOBOX}</arg>
<arg>Pessoa Física</arg>
<doc>Selects options from selection list ``locator`` by ``labels``.</doc>
<status status="PASS" start="2025-07-26T16:49:19.565002" elapsed="0.058191"/>
</kw>
<kw name="And Select Checkbox" owner="SeleniumLibrary">
<msg time="2025-07-26T16:49:19.623716" level="INFO">Selecting checkbox 'id: terms-of-use'.</msg>
<arg>${TERMS_OF_USE_CHECKBOX}</arg>
<doc>Selects the checkbox identified by ``locator``.</doc>
<status status="PASS" start="2025-07-26T16:49:19.623508" elapsed="0.104680"/>
</kw>
<kw name="And Click Element" owner="SeleniumLibrary">
<msg time="2025-07-26T16:49:19.729193" level="INFO">Clicking element '//input[@id="submit-register"]'.</msg>
<arg>${REGISTER_BUTTON}</arg>
<doc>Click the element identified by ``locator``.</doc>
<status status="PASS" start="2025-07-26T16:49:19.728851" elapsed="0.064800"/>
</kw>
<kw name="Then Wait Until Page Contains" owner="SeleniumLibrary">
<arg>Lorem ipsum, teu cadastro foi realizado com sucesso!</arg>
<doc>Waits until ``text`` appears on the current page.</doc>
<status status="PASS" start="2025-07-26T16:49:19.794071" elapsed="0.032539"/>
</kw>
<kw name="And Page Should Contain Link" owner="SeleniumLibrary">
<msg time="2025-07-26T16:49:19.855434" level="INFO">Current page contains link '/my-orders'.</msg>
<arg>${MY_ORDERS_LINK}</arg>
<doc>Verifies link identified by ``locator`` is found from current page.</doc>
<status status="PASS" start="2025-07-26T16:49:19.827572" elapsed="0.028075"/>
</kw>
<kw name="And Page Should Contain Link" owner="SeleniumLibrary">
<msg time="2025-07-26T16:49:19.877618" level="INFO">Current page contains link '/my-wish-list'.</msg>
<arg>${MY_WYSH_LIST_LINK}</arg>
<doc>Verifies link identified by ``locator`` is found from current page.</doc>
<status status="PASS" start="2025-07-26T16:49:19.856844" elapsed="0.020925"/>
</kw>
<kw name="Close Browser" owner="SeleniumLibrary" type="TEARDOWN">
<doc>Closes the current browser.</doc>
<status status="PASS" start="2025-07-26T16:49:19.878356" elapsed="2.332647"/>
</kw>
<tag>Register Natural Person</tag>
<status status="PASS" start="2025-07-26T16:49:14.158107" elapsed="8.053196"/>
</test>
<test id="s1-s1-t2" name="Scenario: Sucess sign in as Juridical Person" line="33">
<kw name="Given Open Browser" owner="SeleniumLibrary">
<msg time="2025-07-26T16:49:22.212951" level="INFO">Opening browser 'chrome' to base url 'http://localhost:5173'.</msg>
<arg>${URL}</arg>
<arg>${BROWSER}</arg>
<doc>Opens a new browser instance to the optional ``url``.</doc>
<status status="PASS" start="2025-07-26T16:49:22.212675" elapsed="2.214750"/>
</kw>
<kw name="And Maximize Browser Window" owner="SeleniumLibrary">
<doc>Maximizes current browser window.</doc>
<status status="PASS" start="2025-07-26T16:49:24.428203" elapsed="1.898643"/>
</kw>
<kw name="And Click Link" owner="SeleniumLibrary">
<msg time="2025-07-26T16:49:26.327790" level="INFO">Clicking link '//a[text()='Minha conta']'.</msg>
<arg>${MY_ACCOUNT_BUTTON}</arg>
<doc>Clicks a link identified by ``locator``.</doc>
<status status="PASS" start="2025-07-26T16:49:26.327388" elapsed="0.127165"/>
</kw>
<kw name="When Input Text" owner="SeleniumLibrary">
<msg time="2025-07-26T16:49:26.455645" level="INFO">Typing text 'Lorem ipsum' into text field 'id: register-name'.</msg>
<arg>${NAME_TEXT_FIELD}</arg>
<arg>Lorem ipsum</arg>
<doc>Types the given ``text`` into the text field identified by ``locator``.</doc>
<status status="PASS" start="2025-07-26T16:49:26.455103" elapsed="0.145033"/>
</kw>
<kw name="And Input Text" owner="SeleniumLibrary">
<msg time="2025-07-26T16:49:26.601254" level="INFO">Typing text 'contato@loremipsum.com' into text field 'id: register-mail'.</msg>
<arg>${EMAIL_TEXT_FIELD}</arg>
<arg>contato@loremipsum.com</arg>
<doc>Types the given ``text`` into the text field identified by ``locator``.</doc>
<status status="PASS" start="2025-07-26T16:49:26.600879" elapsed="0.116802"/>
</kw>
<kw name="And Input Password" owner="SeleniumLibrary">
<msg time="2025-07-26T16:49:26.718582" level="INFO">Typing password into text field 'id: register-pass'.</msg>
<msg time="2025-07-26T16:49:26.754707" level="INFO">Temporally setting log level to: NONE</msg>
<arg>${PASS_TEXT_FIELD}</arg>
<arg>54321</arg>
<doc>Types the given password into the text field identified by ``locator``.</doc>
<status status="PASS" start="2025-07-26T16:49:26.718167" elapsed="0.086768"/>
</kw>
<kw name="And Input Password" owner="SeleniumLibrary">
<msg time="2025-07-26T16:49:26.806045" level="INFO">Typing password into text field 'id: register-confirm-pass'.</msg>
<msg time="2025-07-26T16:49:26.837850" level="INFO">Temporally setting log level to: NONE</msg>
<arg>${CONFIRM_PASS_TEXT_FIELD}</arg>
<arg>54321</arg>
<doc>Types the given password into the text field identified by ``locator``.</doc>
<status status="PASS" start="2025-07-26T16:49:26.805558" elapsed="0.076067"/>
</kw>
<kw name="And Select From List By Label" owner="SeleniumLibrary">
<msg time="2025-07-26T16:49:26.882870" level="INFO">Selecting options from selection list 'id: register-user-type' by label Pessoa Jurídica.</msg>
<arg>${BUSINESS_ENTITY_COMBOBOX}</arg>
<arg>Pessoa Jurídica</arg>
<doc>Selects options from selection list ``locator`` by ``labels``.</doc>
<status status="PASS" start="2025-07-26T16:49:26.882411" elapsed="0.099230"/>
</kw>
<kw name="And Select Checkbox" owner="SeleniumLibrary">
<msg time="2025-07-26T16:49:26.982597" level="INFO">Selecting checkbox 'id: terms-of-use'.</msg>
<arg>${TERMS_OF_USE_CHECKBOX}</arg>
<doc>Selects the checkbox identified by ``locator``.</doc>
<status status="PASS" start="2025-07-26T16:49:26.982273" elapsed="0.069236"/>
</kw>
<kw name="And Click Element" owner="SeleniumLibrary">
<msg time="2025-07-26T16:49:27.052398" level="INFO">Clicking element '//input[@id="submit-register"]'.</msg>
<arg>${REGISTER_BUTTON}</arg>
<doc>Click the element identified by ``locator``.</doc>
<status status="PASS" start="2025-07-26T16:49:27.052057" elapsed="0.053579"/>
</kw>
<kw name="Then Wait Until Page Contains" owner="SeleniumLibrary">
<arg>Lorem ipsum, teu cadastro foi realizado com sucesso!</arg>
<doc>Waits until ``text`` appears on the current page.</doc>
<status status="PASS" start="2025-07-26T16:49:27.106056" elapsed="0.029057"/>
</kw>
<kw name="And Page Should Contain Link" owner="SeleniumLibrary">
<msg time="2025-07-26T16:49:27.161868" level="INFO">Current page contains link '/my-orders'.</msg>
<arg>${MY_ORDERS_LINK}</arg>
<doc>Verifies link identified by ``locator`` is found from current page.</doc>
<status status="PASS" start="2025-07-26T16:49:27.135867" elapsed="0.026178"/>
</kw>
<kw name="And Page Should Contain Link" owner="SeleniumLibrary">
<msg time="2025-07-26T16:49:27.184110" level="INFO">Current page contains link '/my-wish-list'.</msg>
<arg>${MY_WYSH_LIST_LINK}</arg>
<doc>Verifies link identified by ``locator`` is found from current page.</doc>
<status status="PASS" start="2025-07-26T16:49:27.162647" elapsed="0.021585"/>
</kw>
<kw name="Close Browser" owner="SeleniumLibrary" type="TEARDOWN">
<doc>Closes the current browser.</doc>
<status status="PASS" start="2025-07-26T16:49:27.184701" elapsed="2.286471"/>
</kw>
<status status="PASS" start="2025-07-26T16:49:22.212143" elapsed="7.259634"/>
</test>
<doc>Como cliente  da loja virtual, desejo criar um cadastro
no sistema para poder visualiozar meus pedidos e listas de desejo.</doc>
<status status="PASS" start="2025-07-26T16:49:13.681184" elapsed="15.793082"/>
</suite>
<status status="PASS" start="2025-07-26T16:49:13.643586" elapsed="15.834147"/>
</suite>
<statistics>
<total>
<stat pass="2" fail="0" skip="0">All Tests</stat>
</total>
<tag>
<stat pass="1" fail="0" skip="0">Register Natural Person</stat>
</tag>
<suite>
<stat name="Tests" id="s1" pass="2" fail="0" skip="0">Tests</stat>
<stat name="Register-Test" id="s1-s1" pass="2" fail="0" skip="0">Tests.Register-Test</stat>
</suite>
</statistics>
<errors>
</errors>
</robot>
